2024-10-28 00:21:43,724 - __main__ - INFO - Configuration file set up successfully.
2024-10-28 00:21:43,725 - __main__ - INFO - Reset CB Day successfully.
2024-10-28 00:21:48,000 - root - DEBUG - Found Raid.exe installed at C:\Users\logan\AppData\Local\PlariumPlay\StandAloneApps\raid\115158\Raid.exe
2024-10-28 00:21:48,000 - __main__ - INFO - Assets folder found at c:\Users\logan\Documents\Code\Personal\Python\Current Projects\PyAutoRaid\assets
2024-10-28 00:21:48,001 - __main__ - INFO - Attempting to open Raid: Shadow Legends.
2024-10-28 00:21:48,006 - __main__ - INFO - Waiting for game window to appear.
2024-10-28 00:21:53,007 - root - DEBUG - Game window found, game should be loading in now.
2024-10-28 00:21:53,008 - __main__ - INFO - Screen info obtained: width=1920, height=1080
2024-10-28 00:21:53,129 - __main__ - INFO - Game window resized and centered.
2024-10-28 00:21:53,321 - __main__ - INFO - Image not found; retrying...
2024-10-28 00:21:54,456 - __main__ - INFO - Image not found; retrying...
2024-10-28 00:21:55,604 - __main__ - INFO - Image not found; retrying...
2024-10-28 00:21:56,744 - __main__ - INFO - Image not found; retrying...
2024-10-28 00:21:57,872 - __main__ - INFO - Image not found; retrying...
2024-10-28 00:21:59,025 - __main__ - INFO - Image not found; retrying...
2024-10-28 00:22:00,208 - __main__ - INFO - Image not found; retrying...
2024-10-28 00:22:01,345 - __main__ - INFO - Image not found; retrying...
2024-10-28 00:22:02,490 - __main__ - INFO - Image not found; retrying...
2024-10-28 00:22:03,632 - __main__ - INFO - Image not found; retrying...
2024-10-28 00:22:04,767 - __main__ - INFO - Image not found; retrying...
2024-10-28 00:22:05,910 - __main__ - INFO - Image not found; retrying...
2024-10-28 00:22:07,041 - __main__ - INFO - Image not found; retrying...
2024-10-28 00:22:08,184 - __main__ - INFO - Image found. Breaking the loop.
2024-10-28 00:22:08,184 - __main__ - INFO - Navigating back to Bastion.
2024-10-28 00:22:10,754 - __main__ - INFO - Successfully navigated back to Bastion.
2024-10-28 00:22:10,896 - __main__ - INFO - Attempting to close any pop-up ads.
2024-10-28 00:22:10,896 - __main__ - DEBUG - Looking for exitAdd.png at: c:\Users\logan\Documents\Code\Personal\Python\Current Projects\PyAutoRaid\assets\exitAdd.png
2024-10-28 00:22:11,028 - __main__ - INFO - No pop-up ads found.
2024-10-28 00:22:11,028 - __main__ - INFO - No pop-up ads found or all ads closed.
2024-10-28 00:22:11,028 - __main__ - INFO - Raid game initiated.
2024-10-28 00:22:11,168 - __main__ - INFO - Timer thread started.
2024-10-28 00:22:11,176 - __main__ - INFO - Automated mode is enabled.
2024-10-28 00:22:11,176 - __main__ - INFO - Executing task: rewards
2024-10-28 00:22:11,177 - __main__ - INFO - Starting Rewards tasks.
2024-10-28 00:22:11,177 - __main__ - INFO - Starting Daily Gem Mine task.
2024-10-28 00:22:11,192 - __main__ - INFO - GUI initialized successfully.
2024-10-28 00:22:15,393 - __main__ - INFO - Attempting to close any pop-up ads.
2024-10-28 00:22:15,393 - __main__ - DEBUG - Looking for exitAdd.png at: c:\Users\logan\Documents\Code\Personal\Python\Current Projects\PyAutoRaid\assets\exitAdd.png
2024-10-28 00:22:15,556 - __main__ - INFO - No pop-up ads found.
2024-10-28 00:22:15,556 - __main__ - INFO - No pop-up ads found or all ads closed.
2024-10-28 00:22:15,556 - __main__ - INFO - Completed Daily Gem Mine task.
2024-10-28 00:22:15,556 - __main__ - INFO - Starting Daily Market Purchase task.
2024-10-28 00:22:15,556 - __main__ - INFO - Attempting to close any pop-up ads.
2024-10-28 00:22:15,556 - __main__ - DEBUG - Looking for exitAdd.png at: c:\Users\logan\Documents\Code\Personal\Python\Current Projects\PyAutoRaid\assets\exitAdd.png
2024-10-28 00:22:15,702 - __main__ - INFO - No pop-up ads found.
2024-10-28 00:22:15,702 - __main__ - INFO - No pop-up ads found or all ads closed.
2024-10-28 00:22:20,843 - __main__ - WARNING - Market button not found on screen.
2024-10-28 00:22:20,843 - __main__ - INFO - Starting Daily Shop task.
2024-10-28 00:22:23,749 - __main__ - INFO - Navigating back to Bastion.
2024-10-28 00:22:24,082 - __main__ - INFO - Attempting to close any pop-up ads.
2024-10-28 00:22:24,082 - __main__ - DEBUG - Looking for exitAdd.png at: c:\Users\logan\Documents\Code\Personal\Python\Current Projects\PyAutoRaid\assets\exitAdd.png
2024-10-28 00:22:24,232 - __main__ - INFO - No pop-up ads found.
2024-10-28 00:22:24,232 - __main__ - INFO - No pop-up ads found or all ads closed.
2024-10-28 00:22:24,232 - __main__ - INFO - Completed Daily Shop task.
2024-10-28 00:22:24,232 - __main__ - INFO - Starting Daily Guardian Ring task.
2024-10-28 00:22:28,841 - __main__ - INFO - Navigating back to Bastion.
2024-10-28 00:22:31,392 - __main__ - INFO - Successfully navigated back to Bastion.
2024-10-28 00:22:31,556 - __main__ - INFO - Attempting to close any pop-up ads.
2024-10-28 00:22:31,557 - __main__ - DEBUG - Looking for exitAdd.png at: c:\Users\logan\Documents\Code\Personal\Python\Current Projects\PyAutoRaid\assets\exitAdd.png
2024-10-28 00:22:31,696 - __main__ - INFO - No pop-up ads found.
2024-10-28 00:22:31,696 - __main__ - INFO - No pop-up ads found or all ads closed.
2024-10-28 00:22:31,696 - __main__ - INFO - Completed Daily Guardian Ring task.
2024-10-28 00:22:31,696 - __main__ - INFO - Starting Daily Timed Rewards task.
2024-10-28 00:22:37,235 - __main__ - INFO - Navigating back to Bastion.
2024-10-28 00:22:39,797 - __main__ - INFO - Successfully navigated back to Bastion.
2024-10-28 00:22:39,968 - __main__ - INFO - Attempting to close any pop-up ads.
2024-10-28 00:22:39,968 - __main__ - DEBUG - Looking for exitAdd.png at: c:\Users\logan\Documents\Code\Personal\Python\Current Projects\PyAutoRaid\assets\exitAdd.png
2024-10-28 00:22:40,105 - __main__ - INFO - No pop-up ads found.
2024-10-28 00:22:40,106 - __main__ - INFO - No pop-up ads found or all ads closed.
2024-10-28 00:22:40,106 - __main__ - INFO - Completed Daily Timed Rewards task.
2024-10-28 00:22:40,106 - __main__ - INFO - Starting Daily Clan task.
2024-10-28 00:22:44,517 - __main__ - INFO - Navigating back to Bastion.
2024-10-28 00:22:47,090 - __main__ - INFO - Successfully navigated back to Bastion.
2024-10-28 00:22:47,263 - __main__ - INFO - Completed Daily Clan task.
2024-10-28 00:22:47,263 - __main__ - INFO - Starting Daily Quest Claims task.
2024-10-28 00:22:51,459 - __main__ - INFO - Navigating back to Bastion.
2024-10-28 00:22:53,978 - __main__ - INFO - Successfully navigated back to Bastion.
2024-10-28 00:22:54,189 - __main__ - INFO - Attempting to close any pop-up ads.
2024-10-28 00:22:54,189 - __main__ - DEBUG - Looking for exitAdd.png at: c:\Users\logan\Documents\Code\Personal\Python\Current Projects\PyAutoRaid\assets\exitAdd.png
2024-10-28 00:22:54,322 - __main__ - INFO - No pop-up ads found.
2024-10-28 00:22:54,322 - __main__ - INFO - No pop-up ads found or all ads closed.
2024-10-28 00:22:54,322 - __main__ - INFO - Completed Daily Quest Claims task.
2024-10-28 00:22:54,322 - __main__ - INFO - Starting Daily Inbox task.
2024-10-28 00:22:58,189 - __main__ - INFO - Navigating back to Bastion.
2024-10-28 00:23:00,704 - __main__ - INFO - Successfully navigated back to Bastion.
2024-10-28 00:23:00,882 - __main__ - INFO - Attempting to close any pop-up ads.
2024-10-28 00:23:00,883 - __main__ - DEBUG - Looking for exitAdd.png at: c:\Users\logan\Documents\Code\Personal\Python\Current Projects\PyAutoRaid\assets\exitAdd.png
2024-10-28 00:23:01,010 - __main__ - INFO - No pop-up ads found.
2024-10-28 00:23:01,010 - __main__ - INFO - No pop-up ads found or all ads closed.
2024-10-28 00:23:01,010 - __main__ - INFO - Completed Daily Inbox task.
2024-10-28 00:23:01,011 - __main__ - INFO - Completed Rewards tasks.
2024-10-28 00:23:01,011 - __main__ - INFO - Executing task: clanboss
2024-10-28 00:23:01,011 - __main__ - INFO - Starting Clan Boss task.
2024-10-28 00:23:02,512 - __main__ - DEBUG - self.app is an instance of <class '__main__.Daily'>
2024-10-28 00:23:02,512 - __main__ - INFO - Attempting to close any pop-up ads.
2024-10-28 00:23:02,512 - __main__ - DEBUG - Looking for exitAdd.png at: c:\Users\logan\Documents\Code\Personal\Python\Current Projects\PyAutoRaid\assets\exitAdd.png
2024-10-28 00:23:02,667 - __main__ - INFO - No pop-up ads found.
2024-10-28 00:23:02,667 - __main__ - INFO - No pop-up ads found or all ads closed.
2024-10-28 00:23:19,981 - __main__ - INFO - Preparing to fight Clan Boss at difficulty: ultra-nightmare
2024-10-28 00:23:23,663 - __main__ - WARNING - No keys available for Clan Boss battle.
2024-10-28 00:23:29,971 - __main__ - WARNING - No Clan Boss battle available to start.
2024-10-28 00:23:29,971 - __main__ - INFO - Navigating back to Bastion.
2024-10-28 00:23:32,485 - __main__ - INFO - Successfully navigated back to Bastion.
2024-10-28 00:23:34,854 - __main__ - INFO - Successfully navigated back to Bastion.
2024-10-28 00:23:37,265 - __main__ - INFO - Successfully navigated back to Bastion.
2024-10-28 00:23:39,749 - __main__ - INFO - Successfully navigated back to Bastion.
2024-10-28 00:23:42,162 - __main__ - INFO - Successfully navigated back to Bastion.
2024-10-28 00:23:42,323 - __main__ - WARNING - Command for automated_mode not found.
2024-10-28 00:23:42,323 - __main__ - INFO - Executing task: daily_ten_classic_arena
2024-10-28 00:23:42,323 - __main__ - INFO - Starting Daily Ten Classic Arena task.
2024-10-28 00:23:42,323 - __main__ - INFO - Attempting to close any pop-up ads.
2024-10-28 00:23:42,324 - __main__ - DEBUG - Looking for exitAdd.png at: c:\Users\logan\Documents\Code\Personal\Python\Current Projects\PyAutoRaid\assets\exitAdd.png
2024-10-28 00:23:42,453 - __main__ - INFO - No pop-up ads found.
2024-10-28 00:23:42,453 - __main__ - INFO - No pop-up ads found or all ads closed.
2024-10-28 00:23:57,088 - __main__ - ERROR - Error in DailyTenClassicArenaCommand: cannot unpack non-iterable NoneType object
2024-10-28 00:23:57,088 - __main__ - INFO - GUI closed.
